2020-06-23 13:36:32,507 INFO: Microblog startup [in C:\Users\Engr Princely\map\numerology\__init__.py:52]
2020-06-23 13:37:33,484 ERROR: Exception on /req [GET] [in c:\users\engr princely\map\venv\lib\site-packages\flask\app.py:1892]
Traceback (most recent call last):
  File "c:\users\engr princely\map\venv\lib\site-packages\flask\app.py", line 2447, in wsgi_app
    response = self.full_dispatch_request()
  File "c:\users\engr princely\map\venv\lib\site-packages\flask\app.py", line 1952, in full_dispatch_request
    rv = self.handle_user_exception(e)
  File "c:\users\engr princely\map\venv\lib\site-packages\flask\app.py", line 1821, in handle_user_exception
    reraise(exc_type, exc_value, tb)
  File "c:\users\engr princely\map\venv\lib\site-packages\flask\_compat.py", line 39, in reraise
    raise value
  File "c:\users\engr princely\map\venv\lib\site-packages\flask\app.py", line 1950, in full_dispatch_request
    rv = self.dispatch_request()
  File "c:\users\engr princely\map\venv\lib\site-packages\flask\app.py", line 1936, in dispatch_request
    return self.view_functions[rule.endpoint](**req.view_args)
  File "C:\Users\Engr Princely\map\numerology\main.py", line 54, in req
    response = app.response_class(response=json.dumps(data),status=200,mimetype='application/json')
  File "C:\Users\Engr Princely\AppData\Local\Programs\Python\Python37\lib\json\__init__.py", line 231, in dumps
    return _default_encoder.encode(obj)
  File "C:\Users\Engr Princely\AppData\Local\Programs\Python\Python37\lib\json\encoder.py", line 199, in encode
    chunks = self.iterencode(o, _one_shot=True)
  File "C:\Users\Engr Princely\AppData\Local\Programs\Python\Python37\lib\json\encoder.py", line 257, in iterencode
    return _iterencode(o, 0)
  File "C:\Users\Engr Princely\AppData\Local\Programs\Python\Python37\lib\json\encoder.py", line 179, in default
    raise TypeError(f'Object of type {o.__class__.__name__} '
TypeError: Object of type int64 is not JSON serializable
2020-06-23 13:39:37,085 ERROR: Exception on /req [GET] [in c:\users\engr princely\map\venv\lib\site-packages\flask\app.py:1892]
Traceback (most recent call last):
  File "c:\users\engr princely\map\venv\lib\site-packages\flask\app.py", line 2447, in wsgi_app
    response = self.full_dispatch_request()
  File "c:\users\engr princely\map\venv\lib\site-packages\flask\app.py", line 1952, in full_dispatch_request
    rv = self.handle_user_exception(e)
  File "c:\users\engr princely\map\venv\lib\site-packages\flask\app.py", line 1821, in handle_user_exception
    reraise(exc_type, exc_value, tb)
  File "c:\users\engr princely\map\venv\lib\site-packages\flask\_compat.py", line 39, in reraise
    raise value
  File "c:\users\engr princely\map\venv\lib\site-packages\flask\app.py", line 1950, in full_dispatch_request
    rv = self.dispatch_request()
  File "c:\users\engr princely\map\venv\lib\site-packages\flask\app.py", line 1936, in dispatch_request
    return self.view_functions[rule.endpoint](**req.view_args)
  File "C:\Users\Engr Princely\map\numerology\main.py", line 54, in req
    ###################### Microblog things
  File "C:\Users\Engr Princely\AppData\Local\Programs\Python\Python37\lib\json\__init__.py", line 231, in dumps
    return _default_encoder.encode(obj)
  File "C:\Users\Engr Princely\AppData\Local\Programs\Python\Python37\lib\json\encoder.py", line 199, in encode
    chunks = self.iterencode(o, _one_shot=True)
  File "C:\Users\Engr Princely\AppData\Local\Programs\Python\Python37\lib\json\encoder.py", line 257, in iterencode
    return _iterencode(o, 0)
  File "C:\Users\Engr Princely\AppData\Local\Programs\Python\Python37\lib\json\encoder.py", line 179, in default
    raise TypeError(f'Object of type {o.__class__.__name__} '
TypeError: Object of type int64 is not JSON serializable
2020-06-23 13:39:39,663 ERROR: Exception on /req [GET] [in c:\users\engr princely\map\venv\lib\site-packages\flask\app.py:1892]
Traceback (most recent call last):
  File "c:\users\engr princely\map\venv\lib\site-packages\flask\app.py", line 2447, in wsgi_app
    response = self.full_dispatch_request()
  File "c:\users\engr princely\map\venv\lib\site-packages\flask\app.py", line 1952, in full_dispatch_request
    rv = self.handle_user_exception(e)
  File "c:\users\engr princely\map\venv\lib\site-packages\flask\app.py", line 1821, in handle_user_exception
    reraise(exc_type, exc_value, tb)
  File "c:\users\engr princely\map\venv\lib\site-packages\flask\_compat.py", line 39, in reraise
    raise value
  File "c:\users\engr princely\map\venv\lib\site-packages\flask\app.py", line 1950, in full_dispatch_request
    rv = self.dispatch_request()
  File "c:\users\engr princely\map\venv\lib\site-packages\flask\app.py", line 1936, in dispatch_request
    return self.view_functions[rule.endpoint](**req.view_args)
  File "C:\Users\Engr Princely\map\numerology\main.py", line 54, in req
    ###################### Microblog things
  File "C:\Users\Engr Princely\AppData\Local\Programs\Python\Python37\lib\json\__init__.py", line 231, in dumps
    return _default_encoder.encode(obj)
  File "C:\Users\Engr Princely\AppData\Local\Programs\Python\Python37\lib\json\encoder.py", line 199, in encode
    chunks = self.iterencode(o, _one_shot=True)
  File "C:\Users\Engr Princely\AppData\Local\Programs\Python\Python37\lib\json\encoder.py", line 257, in iterencode
    return _iterencode(o, 0)
  File "C:\Users\Engr Princely\AppData\Local\Programs\Python\Python37\lib\json\encoder.py", line 179, in default
    raise TypeError(f'Object of type {o.__class__.__name__} '
TypeError: Object of type int64 is not JSON serializable
